<html>
<body>
<pre>
<h1>µVision Build Log</h1>
<h2>Tool Versions:</h2>
IDE-Version: ¦ÌVision V5.40.0.0
Copyright (C) 2024 ARM Ltd and ARM Germany GmbH. All rights reserved.
License Information: a WHC, a, LIC=Y2B1Q-NT8G7-06FQU-SI2XF-BGK9R-R47X3
 
Tool Versions:
Toolchain:       MDK-ARM Professional  Version: 5.40.0.3
Toolchain Path:  F:\keil5\ARM\ARMCLANG\Bin
C Compiler:      ArmClang.exe V6.22
Assembler:       Armasm.exe V6.22
Linker/Locator:  ArmLink.exe V6.22
Library Manager: ArmAr.exe V6.22
Hex Converter:   FromElf.exe V6.22
CPU DLL:         SARMCM3.DLL V5.40.0.3
Dialog DLL:      DCM.DLL V1.17.5.0
Target DLL:      STLink\ST-LINKIII-KEIL_SWO.dll V3.3.0.0
Dialog DLL:      TCM.DLL V1.56.4.0
 
<h2>Project:</h2>
F:\RCIA\2026-RM-MechaCore\Robot\InfantryOmni-No2\2026StringWheelGimbal_C_board\MDK-ARM\2026StringWheelGimbal_C_board.uvprojx
Project File Date:  12/18/2025

<h2>Output:</h2>
*** Using Compiler 'V6.22', folder: 'F:\keil5\ARM\ARMCLANG\Bin'
Build target '2026StringWheelGimbal_C_board'
Note: source file '..\User\core\HAL\UART\interface\uart_bus.hpp' - object file renamed from '2026StringWheelGimbal_C_board\uart_bus.o' to '2026StringWheelGimbal_C_board\uart_bus_1.o'.
Note: source file '..\User\core\HAL\UART\impl\uart_bus_impl.hpp' - object file renamed from '2026StringWheelGimbal_C_board\uart_bus_impl.o' to '2026StringWheelGimbal_C_board\uart_bus_impl_1.o'.
Note: source file '..\User\core\HAL\UART\impl\uart_device_impl.hpp' - object file renamed from '2026StringWheelGimbal_C_board\uart_device_impl.o' to '2026StringWheelGimbal_C_board\uart_device_impl_1.o'.
Note: source file '..\User\core\HAL\LOGGER\logger.hpp' - object file renamed from '2026StringWheelGimbal_C_board\logger.o' to '2026StringWheelGimbal_C_board\logger_1.o'.
Note: source file '..\User\core\HAL\DWT\DWT.hpp' - object file renamed from '2026StringWheelGimbal_C_board\DWT.o' to '2026StringWheelGimbal_C_board\dwt_1.o'.
Note: source file '..\User\core\HAL\CAN\interface\can_bus.hpp' - object file renamed from '2026StringWheelGimbal_C_board\can_bus.o' to '2026StringWheelGimbal_C_board\can_bus_1.o'.
Note: source file '..\User\core\HAL\CAN\interface\can_device.hpp' - object file renamed from '2026StringWheelGimbal_C_board\can_device.o' to '2026StringWheelGimbal_C_board\can_device_1.o'.
Note: source file '..\User\core\HAL\CAN\impl\can_bus_impl.hpp' - object file renamed from '2026StringWheelGimbal_C_board\can_bus_impl.o' to '2026StringWheelGimbal_C_board\can_bus_impl_1.o'.
Note: source file '..\User\core\HAL\CAN\impl\can_device_impl.hpp' - object file renamed from '2026StringWheelGimbal_C_board\can_device_impl.o' to '2026StringWheelGimbal_C_board\can_device_impl_1.o'.
Note: source file '..\User\core\HAL\ASSERT\assert.cpp' - object file renamed from '2026StringWheelGimbal_C_board\assert.o' to '2026StringWheelGimbal_C_board\assert_1.o'.
Note: source file '..\User\core\Alg\ADRC\adrc.hpp' - object file renamed from '2026StringWheelGimbal_C_board\adrc.o' to '2026StringWheelGimbal_C_board\adrc_1.o'.
Note: source file '..\User\core\Alg\Filter\Filter.hpp' - object file renamed from '2026StringWheelGimbal_C_board\Filter.o' to '2026StringWheelGimbal_C_board\filter_1.o'.
Note: source file '..\User\core\Alg\PID\pid.hpp' - object file renamed from '2026StringWheelGimbal_C_board\pid.o' to '2026StringWheelGimbal_C_board\pid_1.o'.
Note: source file '..\User\core\BSP\Common\StateWatch\buzzer_manager.hpp' - object file renamed from '2026StringWheelGimbal_C_board\buzzer_manager.o' to '2026StringWheelGimbal_C_board\buzzer_manager_1.o'.
Note: source file '..\User\core\BSP\Common\StateWatch\state_watch.hpp' - object file renamed from '2026StringWheelGimbal_C_board\state_watch.o' to '2026StringWheelGimbal_C_board\state_watch_1.o'.
Note: source file '..\User\core\BSP\Common\FiniteStateMachine\FiniteStateMachine_gimbal.hpp' - object file renamed from '2026StringWheelGimbal_C_board\FiniteStateMachine_gimbal.o' to '2026StringWheelGimbal_C_board\finitestatemachine_gimbal_1.o'.
Note: source file '..\User\core\BSP\Common\FiniteStateMachine\FiniteStateMachine_launch.hpp' - object file renamed from '2026StringWheelGimbal_C_board\FiniteStateMachine_launch.o' to '2026StringWheelGimbal_C_board\finitestatemachine_launch_1.o'.
Note: source file '..\User\core\BSP\RemoteControl\DT7.hpp' - object file renamed from '2026StringWheelGimbal_C_board\DT7.o' to '2026StringWheelGimbal_C_board\dt7_1.o'.
Note: source file '..\User\Task\CommunicationTask.hpp' - object file renamed from '2026StringWheelGimbal_C_board\CommunicationTask.o' to '2026StringWheelGimbal_C_board\communicationtask_1.o'.
Note: source file '..\User\Task\ControlTask.hpp' - object file renamed from '2026StringWheelGimbal_C_board\ControlTask.o' to '2026StringWheelGimbal_C_board\controltask_1.o'.
Note: source file '..\User\Task\ImuTask.hpp' - object file renamed from '2026StringWheelGimbal_C_board\ImuTask.o' to '2026StringWheelGimbal_C_board\imutask_1.o'.
Note: source file '..\User\Task\MotorTask.hpp' - object file renamed from '2026StringWheelGimbal_C_board\MotorTask.o' to '2026StringWheelGimbal_C_board\motortask_1.o'.
compiling gpio.c...
compiling main.c...
compiling stm32f4xx_it.c...
compiling can.c...
compiling tim.c...
compiling usart.c...
compiling freertos.c...
compiling stm32f4xx_hal_timebase_tim.c...
compiling stm32f4xx_hal_msp.c...
compiling dma.c...
assembling startup_stm32f407xx.s...
compiling stm32f4xx_hal_tim.c...
compiling stm32f4xx_hal_rcc_ex.c...
compiling stm32f4xx_hal_tim_ex.c...
compiling stm32f4xx_hal_flash_ramfunc.c...
compiling stm32f4xx_hal_flash_ex.c...
compiling stm32f4xx_hal_rcc.c...
compiling stm32f4xx_hal_can.c...
compiling stm32f4xx_hal_gpio.c...
compiling stm32f4xx_hal_flash.c...
compiling stm32f4xx_hal_dma_ex.c...
compiling stm32f4xx_hal_pwr_ex.c...
compiling stm32f4xx_hal_dma.c...
compiling stm32f4xx_hal_pwr.c...
compiling croutine.c...
compiling list.c...
compiling stm32f4xx_hal.c...
compiling stm32f4xx_hal_cortex.c...
compiling system_stm32f4xx.c...
compiling stm32f4xx_hal_exti.c...
compiling event_groups.c...
compiling queue.c...
compiling timers.c...
compiling stm32f4xx_hal_uart.c...
compiling stream_buffer.c...
compiling tasks.c...
compiling cmsis_os.c...
compiling heap_4.c...
compiling port.c...
compiling pwm_user.hpp...
compiling logger.cpp...
compiling SEGGER_RTT.c...
../User/core/HAL/LOGGER/logger.hpp(12): warning: #pragma once in main file [-Wpragma-once-outside-header]
   12 | #pragma once
      |         ^
1 warning generated.
compiling logger.hpp...
compiling SEGGER_RTT_printf.c...
../User/core/HAL/UART/uart_hal.hpp(10): warning: #pragma once in main file [-Wpragma-once-outside-header]
   10 | #pragma once
      |         ^
1 warning generated.
compiling uart_hal.hpp...
../User/core/HAL/UART/interface/uart_bus.hpp(1): warning: #pragma once in main file [-Wpragma-once-outside-header]
    1 | #pragma once
      |         ^
1 warning generated.
compiling uart_bus.hpp...
../User/core/HAL/UART/impl/uart_device_impl.hpp(12): warning: #pragma once in main file [-Wpragma-once-outside-header]
   12 | #pragma once
      |         ^
1 warning generated.
compiling uart_device_impl.hpp...
../User/core/HAL/UART/impl/uart_bus_impl.cpp(23): error: use of undeclared identifier 'huart7'
   23 |       uart7_(&huart7),
      |               ^
../User/core/HAL/UART/impl/uart_bus_impl.cpp(25): error: use of undeclared identifier 'huart8'
   25 |       uart8_(&huart8)
      |               ^
2 errors generated.
compiling uart_bus_impl.cpp...
../User/core/HAL/CAN/can_hal.hpp(12): warning: #pragma once in main file [-Wpragma-once-outside-header]
   12 | #pragma once
      |         ^
1 warning generated.
compiling can_hal.hpp...
../User/core/HAL/DWT/DWT.hpp(12): warning: #pragma once in main file [-Wpragma-once-outside-header]
   12 | #pragma once
      |         ^
1 warning generated.
compiling DWT.hpp...
../User/core/HAL/UART/impl/uart_bus_impl.hpp(12): warning: #pragma once in main file [-Wpragma-once-outside-header]
   12 | #pragma once
      |         ^
1 warning generated.
compiling uart_bus_impl.hpp...
../User/core/HAL/UART/interface/uart_device.hpp(12): warning: #pragma once in main file [-Wpragma-once-outside-header]
   12 | #pragma once
      |         ^
1 warning generated.
compiling uart_device.hpp...
compiling uart_bus.cpp...
compiling can_bus.cpp...
compiling uart_device_impl.cpp...
compiling DWT.cpp...
compiling assert.cpp...
compiling assert.cpp...
compiling asster.hpp...
compiling Filter.hpp...
compiling Filter.cpp...
../User/core/Alg/ADRC/adrc.cpp(7): warning: ignoring return value of function declared with 'nodiscard' attribute [-Wunused-result]
    7 |     std::clamp(U, GetMin(), GetMax());
      |     ^~~~~~~~~~ ~~~~~~~~~~~~~~~~~~~~~
../User/core/Alg/ADRC/adrc.cpp(39): warning: ignoring return value of function declared with 'nodiscard' attribute [-Wunused-result]
   39 |     std::clamp(U, GetMin(), GetMax());
      |     ^~~~~~~~~~ ~~~~~~~~~~~~~~~~~~~~~
2 warnings generated.
compiling adrc.cpp...
compiling adrc.hpp...
compiling pid.hpp...
../User/core/HAL/CAN/interface/can_bus.hpp(1): warning: #pragma once in main file [-Wpragma-once-outside-header]
    1 | #pragma once
      |         ^
1 warning generated.
compiling can_bus.hpp...
../User/core/HAL/CAN/interface/can_device.hpp(1): warning: #pragma once in main file [-Wpragma-once-outside-header]
    1 | #pragma once
      |         ^
1 warning generated.
compiling can_device.hpp...
compiling can_device.cpp...
compiling AdrcBase.hpp...
compiling can_bus_impl.cpp...
../User/core/HAL/CAN/impl/can_bus_impl.hpp(12): warning: #pragma once in main file [-Wpragma-once-outside-header]
   12 | #pragma once
      |         ^
1 warning generated.
compiling can_bus_impl.hpp...
../User/core/HAL/CAN/impl/can_device_impl.hpp(12): warning: #pragma once in main file [-Wpragma-once-outside-header]
   12 | #pragma once
      |         ^
1 warning generated.
compiling can_device_impl.hpp...
../User/core/BSP/Common/StateWatch/buzzer_manager.cpp(209): error: use of undeclared identifier 'htim12'; did you mean 'htim4'?
  209 |             __HAL_TIM_SET_COMPARE(&htim12, TIM_CHANNEL_1, BUZZER_PWM_VALUE);
      |                                    ^~~~~~
      |                                    htim4
../Drivers/STM32F4xx_HAL_Driver/Inc\stm32f4xx_hal_tim.h(1395): note: expanded from macro '__HAL_TIM_SET_COMPARE'
 1395 |   (((__CHANNEL__) == TIM_CHANNEL_1) ? ((__HANDLE__)->Instance->CCR1 = (__COMPARE__)) :\
      |                                         ^
../Core/Inc\tim.h(35): note: 'htim4' declared here
   35 | extern TIM_HandleTypeDef htim4;
      |                          ^
../User/core/BSP/Common/StateWatch/buzzer_manager.cpp(209): error: use of undeclared identifier 'htim12'; did you mean 'htim4'?
  209 |             __HAL_TIM_SET_COMPARE(&htim12, TIM_CHANNEL_1, BUZZER_PWM_VALUE);
      |                                    ^~~~~~
      |                                    htim4
../Drivers/STM32F4xx_HAL_Driver/Inc\stm32f4xx_hal_tim.h(1396): note: expanded from macro '__HAL_TIM_SET_COMPARE'
 1396 |    ((__CHANNEL__) == TIM_CHANNEL_2) ? ((__HANDLE__)->Instance->CCR2 = (__COMPARE__)) :\
      |                                         ^
../Core/Inc\tim.h(35): note: 'htim4' declared here
   35 | extern TIM_HandleTypeDef htim4;
      |                          ^
../User/core/BSP/Common/StateWatch/buzzer_manager.cpp(209): error: use of undeclared identifier 'htim12'; did you mean 'htim4'?
  209 |             __HAL_TIM_SET_COMPARE(&htim12, TIM_CHANNEL_1, BUZZER_PWM_VALUE);
      |                                    ^~~~~~
      |                                    htim4
../Drivers/STM32F4xx_HAL_Driver/Inc\stm32f4xx_hal_tim.h(1397): note: expanded from macro '__HAL_TIM_SET_COMPARE'
 1397 |    ((__CHANNEL__) == TIM_CHANNEL_3) ? ((__HANDLE__)->Instance->CCR3 = (__COMPARE__)) :\
      |                                         ^
../Core/Inc\tim.h(35): note: 'htim4' declared here
   35 | extern TIM_HandleTypeDef htim4;
      |                          ^
../User/core/BSP/Common/StateWatch/buzzer_manager.cpp(209): error: use of undeclared identifier 'htim12'; did you mean 'htim4'?
  209 |             __HAL_TIM_SET_COMPARE(&htim12, TIM_CHANNEL_1, BUZZER_PWM_VALUE);
      |                                    ^~~~~~
      |                                    htim4
../Drivers/STM32F4xx_HAL_Driver/Inc\stm32f4xx_hal_tim.h(1398): note: expanded from macro '__HAL_TIM_SET_COMPARE'
 1398 |    ((__HANDLE__)->Instance->CCR4 = (__COMPARE__)))
      |      ^
../Core/Inc\tim.h(35): note: 'htim4' declared here
   35 | extern TIM_HandleTypeDef htim4;
      |                          ^
../User/core/BSP/Common/StateWatch/buzzer_manager.cpp(213): error: use of undeclared identifier 'htim12'; did you mean 'htim4'?
  213 |             __HAL_TIM_SET_COMPARE(&htim12, TIM_CHANNEL_1, 0);
      |                                    ^~~~~~
      |                                    htim4
../Drivers/STM32F4xx_HAL_Driver/Inc\stm32f4xx_hal_tim.h(1395): note: expanded from macro '__HAL_TIM_SET_COMPARE'
 1395 |   (((__CHANNEL__) == TIM_CHANNEL_1) ? ((__HANDLE__)->Instance->CCR1 = (__COMPARE__)) :\
      |                                         ^
../Core/Inc\tim.h(35): note: 'htim4' declared here
   35 | extern TIM_HandleTypeDef htim4;
      |                          ^
../User/core/BSP/Common/StateWatch/buzzer_manager.cpp(213): error: use of undeclared identifier 'htim12'; did you mean 'htim4'?
  213 |             __HAL_TIM_SET_COMPARE(&htim12, TIM_CHANNEL_1, 0);
      |                                    ^~~~~~
      |                                    htim4
../Drivers/STM32F4xx_HAL_Driver/Inc\stm32f4xx_hal_tim.h(1396): note: expanded from macro '__HAL_TIM_SET_COMPARE'
 1396 |    ((__CHANNEL__) == TIM_CHANNEL_2) ? ((__HANDLE__)->Instance->CCR2 = (__COMPARE__)) :\
      |                                         ^
../Core/Inc\tim.h(35): note: 'htim4' declared here
   35 | extern TIM_HandleTypeDef htim4;
      |                          ^
../User/core/BSP/Common/StateWatch/buzzer_manager.cpp(213): error: use of undeclared identifier 'htim12'; did you mean 'htim4'?
  213 |             __HAL_TIM_SET_COMPARE(&htim12, TIM_CHANNEL_1, 0);
      |                                    ^~~~~~
      |                                    htim4
../Drivers/STM32F4xx_HAL_Driver/Inc\stm32f4xx_hal_tim.h(1397): note: expanded from macro '__HAL_TIM_SET_COMPARE'
 1397 |    ((__CHANNEL__) == TIM_CHANNEL_3) ? ((__HANDLE__)->Instance->CCR3 = (__COMPARE__)) :\
      |                                         ^
../Core/Inc\tim.h(35): note: 'htim4' declared here
   35 | extern TIM_HandleTypeDef htim4;
      |                          ^
../User/core/BSP/Common/StateWatch/buzzer_manager.cpp(213): error: use of undeclared identifier 'htim12'; did you mean 'htim4'?
  213 |             __HAL_TIM_SET_COMPARE(&htim12, TIM_CHANNEL_1, 0);
      |                                    ^~~~~~
      |                                    htim4
../Drivers/STM32F4xx_HAL_Driver/Inc\stm32f4xx_hal_tim.h(1398): note: expanded from macro '__HAL_TIM_SET_COMPARE'
 1398 |    ((__HANDLE__)->Instance->CCR4 = (__COMPARE__)))
      |      ^
../Core/Inc\tim.h(35): note: 'htim4' declared here
   35 | extern TIM_HandleTypeDef htim4;
      |                          ^
8 errors generated.
compiling buzzer_manager.cpp...
compiling buzzer_manager.hpp...
compiling state_watch.cpp...
compiling FiniteStateMachine_gimbal.hpp...
compiling FiniteStateMachine_gimbal.cpp...
compiling can_device_impl.cpp...
compiling FiniteStateMachine_launch.cpp...
compiling state_watch.hpp...
compiling FiniteStateMachine_launch.hpp...
compiling HI12_imu.hpp...
compiling pid.cpp...
compiling HI12Base.hpp...
../User/core/BSP/RemoteControl/DT7.hpp(4): warning: #pragma once in main file [-Wpragma-once-outside-header]
    4 | #pragma once
      |         ^
1 warning generated.
compiling DT7.hpp...
compiling DT7.cpp...
../User/Task/Callback.cpp(1): warning: In file included from...
../User/Task\MotorTask.hpp(5): warning: In file included from...
../User\../user/Task/ControlTask.hpp(12): warning: In file included from...
../User\../user/core/BSP/Motor/Dji/DjiMotor.hpp(8): error: 'HAL/CAN/can_hal.hpp' file not found
    8 | #include "HAL/CAN/can_hal.hpp"
      |          ^~~~~~~~~~~~~~~~~~~~~
1 error generated.
compiling Callback.cpp...
../User/core/BSP/Motor/DM/DmMotor.hpp(1): warning: #pragma once in main file [-Wpragma-once-outside-header]
    1 | #pragma once
      |         ^
../User/core/BSP/Motor/DM/DmMotor.hpp(17): error: expected ';' after struct
   17 |     }
      |      ^
      |      ;
../User/core/BSP/Motor/DM/DmMotor.hpp(25): error: no template named 'MotorBase'; did you mean 'DMMotorBase'?
   25 | template <uint8_t N> class DMMotorBase : public MotorBase<N>
      |                                                 ^~~~~~~~~
      |                                                 DMMotorBase
../User/core/BSP/Motor/DM/DmMotor.hpp(25): note: 'DMMotorBase' declared here
   25 | template <uint8_t N> class DMMotorBase : public MotorBase<N>
      |                            ^
../User/core/BSP/Motor/DM/DmMotor.hpp(25): error: circular inheritance between 'DMMotorBase<N>' and 'DMMotorBase<N>'
   25 | template <uint8_t N> class DMMotorBase : public MotorBase<N>
      |                                                 ^
../User/core/BSP/Motor/DM/DmMotor.hpp(34): error: unknown type name 'Parameters'; did you mean 'BSP::Motor::DM::Parameters'?
   34 |     DMMotorBase(uint16_t Init_id, const uint8_t (&recv_ids)[N], const uint32_t (&send_ids)[N], Parameters params)
      |                                                                                                ^~~~~~~~~~
      |                                                                                                BSP::Motor::DM::Parameters
../User/core/BSP/Motor/DM/DmMotor.hpp(15): note: 'BSP::Motor::DM::Parameters' declared here
   15 |     struct Parameters
      |            ^
../User/core/BSP/Motor/DM/DmMotor.hpp(59): error: unknown type name 'Parameters'; did you mean 'BSP::Motor::DM::Parameters'?
   59 |     Parameters CreateParams(float pmin, float pmax, float vmin, float vmax, float tmin, float tmax, float kpmin,
      |     ^~~~~~~~~~
      |     BSP::Motor::DM::Parameters
../User/core/BSP/Motor/DM/DmMotor.hpp(15): note: 'BSP::Motor::DM::Parameters' declared here
   15 |     struct Parameters
      |            ^
../User/core/BSP/Motor/DM/DmMotor.hpp(35): error: member initializer 'init_address' does not name a non-static data member or base class
   35 |         : init_address(Init_id), params_(params)
      |           ^~~~~~~~~~~~~~~~~~~~~
../User/core/BSP/Motor/DM/DmMotor.hpp(35): error: member initializer 'params_' does not name a non-static data member or base class
   35 |         : init_address(Init_id), params_(params)
      |                                  ^~~~~~~~~~~~~~~
../User/core/BSP/Motor/DM/DmMotor.hpp(39): error: use of undeclared identifier 'recv_idxs_'; did you mean 'recv_ids'?
   39 |             recv_idxs_[i] = recv_ids[i]; // æŽ¥æ”¶IDç´¢å¼•
      |             ^~~~~~~~~~
      |             recv_ids
../User/core/BSP/Motor/DM/DmMotor.hpp(34): note: 'recv_ids' declared here
   34 |     DMMotorBase(uint16_t Init_id, const uint8_t (&recv_ids)[N], const uint32_t (&send_ids)[N], Parameters params)
      |                                                   ^
../User/core/BSP/Motor/DM/DmMotor.hpp(40): error: use of undeclared identifier 'send_idxs_'; did you mean 'send_ids'?
   40 |             send_idxs_[i] = send_ids[i]; // å‘é€IDå­˜å‚¨
      |             ^~~~~~~~~~
      |             send_ids
../User/core/BSP/Motor/DM/DmMotor.hpp(34): note: 'send_ids' declared here
   34 |     DMMotorBase(uint16_t Init_id, const uint8_t (&recv_ids)[N], const uint32_t (&send_ids)[N], Parameters params)
      |                                                                                  ^
../User/core/BSP/Motor/DM/DmMotor.hpp(62): error: use of undeclared identifier 'Parameters'; did you mean 'BSP::Motor::DM::Parameters'?
   62 |         return Parameters(pmin, pmax, vmin, vmax, tmin, tmax, kpmin, kpmax, kdmin, kdmax);
      |                ^
../User/core/BSP/Motor/DM/DmMotor.hpp(15): note: 'BSP::Motor::DM::Parameters' declared here
   15 |     struct Parameters
      |            ^
../User/core/BSP/Motor/DM/DmMotor.hpp(89): error: use of undeclared identifier 'params_'
   89 |         const auto &params = params_;
      |                              ^
../User/core/BSP/Motor/DM/DmMotor.hpp(91): error: use of undeclared identifier 'feedback_'
   91 |         this->unit_data_[i].angle_Rad = uint_to_float(feedback_[i].angle, params.P_MIN, params.P_MAX, 16);
      |                                                       ^
../User/core/BSP/Motor/DM/DmMotor.hpp(93): error: use of undeclared identifier 'feedback_'
   93 |         this->unit_data_[i].velocity_Rad = uint_to_float(feedback_[i].velocity, params.V_MIN, params.V_MAX, 12);
      |                                                          ^
../User/core/BSP/Motor/DM/DmMotor.hpp(95): error: use of undeclared identifier 'feedback_'
   95 |         this->unit_data_[i].torque_Nm = uint_to_float(feedback_[i].torque, params.T_MIN, params.T_MAX, 12);
      |                                                       ^
../User/core/BSP/Motor/DM/DmMotor.hpp(97): error: use of undeclared identifier 'feedback_'
   97 |         this->unit_data_[i].temperature_C = feedback_[i].T_Mos;
      |                                             ^
../User/core/BSP/Motor/DM/DmMotor.hpp(99): error: use of undeclared identifier 'params_'
   99 |         this->unit_data_[i].angle_Deg = this->unit_data_[i].angle_Rad * params_.rad_to_deg;
      |                                                                         ^
../User/core/BSP/Motor/DM/DmMotor.hpp(109): error: function definition is not allowed here
  109 |         {
      |         ^
../User/core/BSP/Motor/DM/DmMotor.hpp(143): error: function definition is not allowed here
  143 |         {
      |         ^
../User/core/BSP/Motor/DM/DmMotor.hpp(153): error: use of undeclared identifier 'send_idxs_'
  153 |             frame.id = 0X100 + send_idxs_[id - 1];
      |                                ^
fatal error: too many errors emitted, stopping now [-ferror-limit=]
1 warning and 20 errors generated.
compiling DmMotor.hpp...
../User/core/BSP/Motor/MotorBase.hpp(4): warning: #pragma once in main file [-Wpragma-once-outside-header]
    4 | #pragma once
      |         ^
1 warning generated.
compiling MotorBase.hpp...
../User/core/BSP/Motor/Dji/DjiMotor.hpp(4): warning: #pragma once in main file [-Wpragma-once-outside-header]
    4 | #pragma once
      |         ^
../User/core/BSP/Motor/Dji/DjiMotor.hpp(8): error: 'HAL/CAN/can_hal.hpp' file not found
    8 | #include "HAL/CAN/can_hal.hpp"
      |          ^~~~~~~~~~~~~~~~~~~~~
1 warning and 1 error generated.
compiling DjiMotor.hpp...
../User/core/BSP/Motor/LK/Lk_motor.hpp(1): warning: #pragma once in main file [-Wpragma-once-outside-header]
    1 | #pragma once
      |         ^
../User/core/BSP/Motor/LK/Lk_motor.hpp(85): error: expected member name or ';' after declaration specifiers
   85 |         for (uint8_t i = 0; i < N; ++i)
      |         ^
../User/core/BSP/Motor/LK/Lk_motor.hpp(70): error: member initializer 'init_address' does not name a non-static data member or base class
   70 |             : init_address(Init_id), params_(params)
      |               ^~~~~~~~~~~~~~~~~~~~~
../User/core/BSP/Motor/LK/Lk_motor.hpp(70): error: member initializer 'params_' does not name a non-static data member or base class
   70 |             : init_address(Init_id), params_(params)
      |                                      ^~~~~~~~~~~~~~~
../User/core/BSP/Motor/LK/Lk_motor.hpp(74): error: use of undeclared identifier 'recv_idxs_'; did you mean 'recv_ids'?
   74 |                 recv_idxs_[i] = recv_ids[i];
      |                 ^~~~~~~~~~
      |                 recv_ids
../User/core/BSP/Motor/LK/Lk_motor.hpp(69): note: 'recv_ids' declared here
   69 |         LkMotorBase(uint16_t Init_id, const uint8_t (&recv_ids)[N], const uint32_t (&send_ids)[N], Parameters params)
      |                                                       ^
../User/core/BSP/Motor/LK/Lk_motor.hpp(75): error: use of undeclared identifier 'send_idxs_'; did you mean 'send_ids'?
   75 |                 send_idxs_[i] = send_ids[i];
      |                 ^~~~~~~~~~
      |                 send_ids
../User/core/BSP/Motor/LK/Lk_motor.hpp(69): note: 'send_ids' declared here
   69 |         LkMotorBase(uint16_t Init_id, const uint8_t (&recv_ids)[N], const uint32_t (&send_ids)[N], Parameters params)
      |                                                                                      ^
../User/core/BSP/Motor/LK/Lk_motor.hpp(77): error: use of undeclared identifier 'multi_angle_data_'
   77 |                 multi_angle_data_[i].total_angle = 0.0;
      |                 ^
../User/core/BSP/Motor/LK/Lk_motor.hpp(78): error: use of undeclared identifier 'multi_angle_data_'
   78 |                 multi_angle_data_[i].last_angle = 0.0;
      |                 ^
../User/core/BSP/Motor/LK/Lk_motor.hpp(79): error: use of undeclared identifier 'multi_angle_data_'
   79 |                 multi_angle_data_[i].allow_accumulate = false;
      |                 ^
../User/core/BSP/Motor/LK/Lk_motor.hpp(80): error: use of undeclared identifier 'multi_angle_data_'
   80 |                 multi_angle_data_[i].is_initialized = false;
      |                 ^
../User/core/BSP/Motor/LK/Lk_motor.hpp(92): error: expected ';' after class
   92 |     }
      |      ^
      |      ;
../User/core/BSP/Motor/LK/Lk_motor.hpp(96): error: expected unqualified-id
   96 |     public:
      |     ^
../User/core/BSP/Motor/LK/Lk_motor.hpp(131): error: use of undeclared identifier 'send_idxs_'
  131 |             frame.id = 140 + send_idxs_[id - 1];
      |                              ^
../User/core/BSP/Motor/LK/Lk_motor.hpp(133): error: use of undeclared identifier 'msd'; did you mean 'BSP::Motor::LK::msd'?
  133 |             memcpy(frame.data, msd.data, 8);
      |                                ^~~
      |                                BSP::Motor::LK::msd
../User/core/BSP/Motor/LK/Lk_motor.hpp(94): note: 'BSP::Motor::LK::msd' declared here
   94 |         HAL::CAN::Frame msd;
      |                         ^
../User/core/BSP/Motor/LK/Lk_motor.hpp(165): error: use of undeclared identifier 'N'
  165 |             if (motor_index < 1 || motor_index > N) return;
      |                                                  ^
../User/core/BSP/Motor/LK/Lk_motor.hpp(189): error: use of undeclared identifier 'N'
  189 |             if (motor_index < 1 || motor_index > N) return;
      |                                                  ^
../User/core/BSP/Motor/LK/Lk_motor.hpp(201): error: use of undeclared identifier 'N'
  201 |             if (motor_index < 1 || motor_index > N) return;
      |                                                  ^
../User/core/BSP/Motor/LK/Lk_motor.hpp(213): error: use of undeclared identifier 'N'
  213 |             if (motor_index < 1 || motor_index > N) return;
      |                                                  ^
../User/core/BSP/Motor/LK/Lk_motor.hpp(225): error: use of undeclared identifier 'N'
  225 |            if (id < 1 || id > N) return 0.0f;
      |                               ^
../User/core/BSP/Motor/LK/Lk_motor.hpp(226): error: use of undeclared identifier 'multi_angle_data_'
  226 |            return multi_angle_data_[id - 1].total_angle;
      |                   ^
fatal error: too many errors emitted, stopping now [-ferror-limit=]
1 warning and 20 errors generated.
compiling Lk_motor.hpp...
compiling CommunicationTask.cpp...
compiling CommunicationTask.hpp...
../User/Task/ControlTask.cpp(1): warning: In file included from...
../User/Task\ControlTask.hpp(12): warning: In file included from...
../User\../user/core/BSP/Motor/Dji/DjiMotor.hpp(8): error: 'HAL/CAN/can_hal.hpp' file not found
    8 | #include "HAL/CAN/can_hal.hpp"
      |          ^~~~~~~~~~~~~~~~~~~~~
1 error generated.
compiling ControlTask.cpp...
../User/Task/ControlTask.hpp(12): warning: In file included from...
../User\../user/core/BSP/Motor/Dji/DjiMotor.hpp(8): error: 'HAL/CAN/can_hal.hpp' file not found
    8 | #include "HAL/CAN/can_hal.hpp"
      |          ^~~~~~~~~~~~~~~~~~~~~
1 error generated.
compiling ControlTask.hpp...
compiling ImuTask.cpp...
../User/Task/MotorTask.cpp(1): warning: In file included from...
../User/Task\MotorTask.hpp(5): warning: In file included from...
../User\../user/Task/ControlTask.hpp(12): warning: In file included from...
../User\../user/core/BSP/Motor/Dji/DjiMotor.hpp(8): error: 'HAL/CAN/can_hal.hpp' file not found
    8 | #include "HAL/CAN/can_hal.hpp"
      |          ^~~~~~~~~~~~~~~~~~~~~
1 error generated.
compiling MotorTask.cpp...
compiling ImuTask.hpp...
../User/Task/MotorTask.hpp(5): warning: In file included from...
../User\../user/Task/ControlTask.hpp(12): warning: In file included from...
../User\../user/core/BSP/Motor/Dji/DjiMotor.hpp(8): error: 'HAL/CAN/can_hal.hpp' file not found
    8 | #include "HAL/CAN/can_hal.hpp"
      |          ^~~~~~~~~~~~~~~~~~~~~
1 error generated.
compiling MotorTask.hpp...
"2026StringWheelGimbal_C_board\2026StringWheelGimbal_C_board.axf" - 54 Error(s), 19 Warning(s).

<h2>Software Packages used:</h2>

Package Vendor: ARM
                https://www.keil.com/pack/ARM.CMSIS.6.1.0.pack
                ARM::CMSIS@6.1.0
                CMSIS (Common Microcontroller Software Interface Standard)
   * Component: CORE Version: 6.1.0

Package Vendor: Keil
                https://www.keil.com/pack/Keil.STM32F4xx_DFP.3.0.0.pack
                Keil::STM32F4xx_DFP@3.0.0
                STMicroelectronics STM32F4 Series Device Support

<h2>Collection of Component include folders:</h2>
  ./RTE/_2026StringWheelGimbal_C_board
  F:/keil5/ARM/PACK/ARM/CMSIS/6.1.0/CMSIS/Core/Include

<h2>Collection of Component Files used:</h2>

   * Component: ARM::CMSIS:CORE@6.1.0
      Include file:  CMSIS/Core/Include/tz_context.h
Target not created.
Build Time Elapsed:  00:00:19
</pre>
</body>
</html>
